<?xml version="1.0" encoding="UTF-8"?>
<testsuite xmlns:xsi="http://www.w3.org/2001/XMLSchema-instance" xsi:noNamespaceSchemaLocation="https://maven.apache.org/surefire/maven-surefire-plugin/xsd/surefire-test-report.xsd" name="automationexercise.test.LoginTest" time="49.262" tests="4" errors="0" skipped="0" failures="0">
  <properties>
    <property name="idea.version" value="2023.1"/>
    <property name="java.runtime.name" value="Java(TM) SE Runtime Environment"/>
    <property name="sun.boot.library.path" value="C:\Program Files\Java\jdk1.8.0_261\jre\bin"/>
    <property name="java.vm.version" value="25.261-b12"/>
    <property name="java.vm.vendor" value="Oracle Corporation"/>
    <property name="maven.multiModuleProjectDirectory" value="C:\Users\mailton.nascimento\OneDrive\Área de Trabalho\VEMSER - Edição 12\Tecnologias_Automacao_Front_End\Automacao_selenium\tafe_projeto_modelo"/>
    <property name="java.vendor.url" value="http://java.oracle.com/"/>
    <property name="path.separator" value=";"/>
    <property name="guice.disable.misplaced.annotation.check" value="true"/>
    <property name="java.vm.name" value="Java HotSpot(TM) 64-Bit Server VM"/>
    <property name="file.encoding.pkg" value="sun.io"/>
    <property name="user.script" value=""/>
    <property name="user.country" value="BR"/>
    <property name="sun.java.launcher" value="SUN_STANDARD"/>
    <property name="sun.os.patch.level" value=""/>
    <property name="java.vm.specification.name" value="Java Virtual Machine Specification"/>
    <property name="user.dir" value="C:\Users\mailton.nascimento\OneDrive\Área de Trabalho\VEMSER - Edição 12\Tecnologias_Automacao_Front_End\Automacao_selenium\tafe_projeto_modelo"/>
    <property name="java.runtime.version" value="1.8.0_261-b12"/>
    <property name="java.awt.graphicsenv" value="sun.awt.Win32GraphicsEnvironment"/>
    <property name="java.endorsed.dirs" value="C:\Program Files\Java\jdk1.8.0_261\jre\lib\endorsed"/>
    <property name="os.arch" value="amd64"/>
    <property name="java.io.tmpdir" value="C:\Users\MAILTO~1.NAS\AppData\Local\Temp\"/>
    <property name="line.separator" value="&#10;"/>
    <property name="java.vm.specification.vendor" value="Oracle Corporation"/>
    <property name="user.variant" value=""/>
    <property name="os.name" value="Windows 10"/>
    <property name="maven.ext.class.path" value="C:\Program Files\JetBrains\IntelliJ IDEA Community Edition 2023.1\plugins\maven\lib\maven-event-listener.jar"/>
    <property name="classworlds.conf" value="C:\Program Files\JetBrains\IntelliJ IDEA Community Edition 2023.1\plugins\maven\lib\maven3\bin\m2.conf"/>
    <property name="sun.jnu.encoding" value="Cp1252"/>
    <property name="java.library.path" value="C:\Program Files\Java\jdk1.8.0_261\bin;C:\WINDOWS\Sun\Java\bin;C:\WINDOWS\system32;C:\WINDOWS;C:\Program Files\Common Files\Oracle\Java\javapath;C:\Program Files (x86)\Common Files\Oracle\Java\javapath;C:\WINDOWS\system32;C:\WINDOWS;C:\WINDOWS\System32\Wbem;C:\WINDOWS\System32\WindowsPowerShell\v1.0\;C:\WINDOWS\System32\OpenSSH\;C:\apache-maven-3.6.3-bin\bin;C:\cmder;C:\ProgramData\chocolatey\bin;C:\Users\mailton.nascimento\AppData\Local\Android\Sdk\platform-tools;C:\Users\mailton.nascimento\AppData\Local\Android\Sdk;C:\Users\mailton.nascimento\AppData\Local\Android\Sdk\emulator;C:\Users\mailton.nascimento\AppData\Local\Android\Sdk\tools;C:\Users\mailton.nascimento\AppData\Roaming\Microsoft\Windows\Start Menu\Programs\Python 3.9;C:\Users\mailton.nascimento\AppData\Roaming\Microsoft\Windows\Start Menu\Programs\Ruby 2.7.2-1-x64 with MSYS2;C:\apache-tomcat;C:\apache-tomcat\backup;C:\apache-tomcat\bin;C:\cmdline-tools\lib;C:\cmdline-tools\bin;C:\cmdline-tools;C:\Program Files\MongoDB\Server\4.4\bin;C:\Program Files\MongoDB\Tools\100\bin;C:\xampp\php\;C:\composer;C:\Program Files\nodejs\;C:\Browser\chromedriver;C:\Users\mailton.nascimento\AppData\Local\Programs\Python\Python39\Scripts;C:\apache-maven-3.6.3-bin\bin\bin;C:\Program Files\Java\jdk-11.0.14\bin;c:\users\mailton.nascimento\appdata\local\programs\python\python39;C:\Program Files\dotnet\;C:\allure-commandline-2.10.0\allure-2.10.0\bin;C:\Program Files\OpenRPA\;C:\Program Files\Git\cmd;C:\Users\mailton.nascimento\Anaconda3;C:\Users\mailton.nascimento\Anaconda3\Library\mingw-w64\bin;C:\Users\mailton.nascimento\Anaconda3\Library\usr\bin;C:\Users\mailton.nascimento\Anaconda3\Library\bin;C:\Users\mailton.nascimento\Anaconda3\Scripts;C:\Users\mailton.nascimento\AppData\Local\Microsoft\WindowsApps;C:\Program Files\JetBrains\IntelliJ IDEA Community Edition 2023.1\bin;;C:\Users\mailton.nascimento\AppData\Local\Programs\Microsoft VS Code\bin;C:\apache-maven-3.6.3-bin\bin;C:\cmder;C:\Users\mailton.nascimento\AppData\Local\Android\Sdk\platform-tools;C:\Users\mailton.nascimento\AppData\Local\Android\Sdk;C:\Users\mailton.nascimento\AppData\Local\Android\Sdk\emulator;C:\Users\mailton.nascimento\AppData\Local\Android\Sdk\tools;C:\apache-tomcat;C:\Program Files\Java\jdk-11.0.14\bin;C:\apache-tomcat\backup;C:\apache-tomcat\bin;C:\cmdline-tools;C:\cmdline-tools\bin;C:\cmdline-tools\lib;C:\Program Files\JetBrains\IntelliJ IDEA 2020.2.4\bin;;C:\xampp\php\;C:\Users\mailton.nascimento\AppData\Roaming\Composer\vendor\bin;C:\Users\mailton.nascimento\AppData\Roaming\npm;C:\Program Files\JetBrains\PyCharm Community Edition 2021.3\bin;;C:\Browser\chromedriver;C:\Users\mailton.nascimento\AppData\Local\Programs\Python\Python39\Scripts;C:\allure-commandline-2.10.0\allure-2.10.0\bin;;C:\Program Files\Docker Toolbox;."/>
    <property name="jansi.passthrough" value="true"/>
    <property name="maven.conf" value="C:\Program Files\JetBrains\IntelliJ IDEA Community Edition 2023.1\plugins\maven\lib\maven3/conf"/>
    <property name="java.specification.name" value="Java Platform API Specification"/>
    <property name="java.class.version" value="52.0"/>
    <property name="sun.management.compiler" value="HotSpot 64-Bit Tiered Compilers"/>
    <property name="os.version" value="10.0"/>
    <property name="user.home" value="C:\Users\mailton.nascimento"/>
    <property name="user.timezone" value="America/Sao_Paulo"/>
    <property name="java.awt.printerjob" value="sun.awt.windows.WPrinterJob"/>
    <property name="java.specification.version" value="1.8"/>
    <property name="file.encoding" value="UTF-8"/>
    <property name="user.name" value="mailton.nascimento"/>
    <property name="java.class.path" value="C:\Program Files\JetBrains\IntelliJ IDEA Community Edition 2023.1\plugins\maven\lib\maven3\boot\plexus-classworlds-2.6.0.jar;C:\Program Files\JetBrains\IntelliJ IDEA Community Edition 2023.1\plugins\maven\lib\maven3\boot\plexus-classworlds.license;C:\Program Files\JetBrains\IntelliJ IDEA Community Edition 2023.1\lib\idea_rt.jar"/>
    <property name="java.vm.specification.version" value="1.8"/>
    <property name="sun.arch.data.model" value="64"/>
    <property name="java.home" value="C:\Program Files\Java\jdk1.8.0_261\jre"/>
    <property name="sun.java.command" value="org.codehaus.classworlds.Launcher -Didea.version=2023.1 test"/>
    <property name="java.specification.vendor" value="Oracle Corporation"/>
    <property name="user.language" value="pt"/>
    <property name="awt.toolkit" value="sun.awt.windows.WToolkit"/>
    <property name="java.vm.info" value="mixed mode"/>
    <property name="java.version" value="1.8.0_261"/>
    <property name="java.ext.dirs" value="C:\Program Files\Java\jdk1.8.0_261\jre\lib\ext;C:\WINDOWS\Sun\Java\lib\ext"/>
    <property name="sun.boot.class.path" value="C:\Program Files\Java\jdk1.8.0_261\jre\lib\resources.jar;C:\Program Files\Java\jdk1.8.0_261\jre\lib\rt.jar;C:\Program Files\Java\jdk1.8.0_261\jre\lib\sunrsasign.jar;C:\Program Files\Java\jdk1.8.0_261\jre\lib\jsse.jar;C:\Program Files\Java\jdk1.8.0_261\jre\lib\jce.jar;C:\Program Files\Java\jdk1.8.0_261\jre\lib\charsets.jar;C:\Program Files\Java\jdk1.8.0_261\jre\lib\jfr.jar;C:\Program Files\Java\jdk1.8.0_261\jre\classes"/>
    <property name="java.vendor" value="Oracle Corporation"/>
    <property name="maven.home" value="C:\Program Files\JetBrains\IntelliJ IDEA Community Edition 2023.1\plugins\maven\lib\maven3"/>
    <property name="file.separator" value="\"/>
    <property name="java.vendor.url.bug" value="http://bugreport.sun.com/bugreport/"/>
    <property name="sun.cpu.endian" value="little"/>
    <property name="sun.io.unicode.encoding" value="UnicodeLittle"/>
    <property name="sun.desktop" value="windows"/>
    <property name="sun.cpu.isalist" value="amd64"/>
  </properties>
  <testcase name="validarLoginDadosInvalidos" classname="automationexercise.test.LoginTest" time="19.125"/>
  <testcase name="validarLoginDadosInvalidosTest4" classname="automationexercise.test.LoginTest" time="9.626"/>
  <testcase name="validarLoginComDadosValidosTest3" classname="automationexercise.test.LoginTest" time="10.795"/>
  <testcase name="validarLoginDadosValidos" classname="automationexercise.test.LoginTest" time="9.29"/>
</testsuite>